2023.07.21 21:06:36 INFO  Started: Metals version 1.0.0 in folders '/home/clo91eaf/code/chisel/PUA-MIPS-TEST' for client Visual Studio Code - Insiders 1.81.0-insider.[0m
Jul 21, 2023 9:06:36 PM org.flywaydb.core.internal.license.VersionPrinter printVersionOnly
INFO: Flyway Community Edition 9.20.1 by Redgate
Jul 21, 2023 9:06:36 PM org.flywaydb.core.internal.license.VersionPrinter printVersion
INFO: See release notes here: https://rd.gt/416ObMi
Jul 21, 2023 9:06:36 PM org.flywaydb.core.internal.license.VersionPrinter printVersion
INFO: 
Jul 21, 2023 9:06:36 PM org.flywaydb.core.internal.database.base.BaseDatabaseType createDatabase
INFO: Database: jdbc:h2:file:/home/clo91eaf/code/chisel/PUA-MIPS-TEST/.metals/metals (H2 2.1)
Jul 21, 2023 9:06:36 PM org.flywaydb.core.internal.schemahistory.JdbcTableSchemaHistory allAppliedMigrations
INFO: Schema history table "PUBLIC"."flyway_schema_history" does not exist yet
Jul 21, 2023 9:06:36 PM org.flywaydb.core.internal.command.DbValidate validate
INFO: Successfully validated 4 migrations (execution time 00:00.020s)
Jul 21, 2023 9:06:36 PM org.flywaydb.core.internal.schemahistory.JdbcTableSchemaHistory create
INFO: Creating Schema History table "PUBLIC"."flyway_schema_history" ...
Jul 21, 2023 9:06:36 PM org.flywaydb.core.internal.command.DbMigrate migrateGroup
INFO: Current version of schema "PUBLIC": << Empty Schema >>
Jul 21, 2023 9:06:36 PM org.flywaydb.core.internal.command.DbMigrate doMigrateGroup
INFO: Migrating schema "PUBLIC" to version "1 - Create tables"
Jul 21, 2023 9:06:36 PM org.flywaydb.core.internal.command.DbMigrate doMigrateGroup
INFO: Migrating schema "PUBLIC" to version "2 - Server discovery"
Jul 21, 2023 9:06:36 PM org.flywaydb.core.internal.command.DbMigrate doMigrateGroup
INFO: Migrating schema "PUBLIC" to version "3 - Jar symbols"
Jul 21, 2023 9:06:36 PM org.flywaydb.core.internal.command.DbMigrate doMigrateGroup
INFO: Migrating schema "PUBLIC" to version "4 - Fingerprints"
Jul 21, 2023 9:06:36 PM org.flywaydb.core.internal.command.DbMigrate logSummary
INFO: Successfully applied 4 migrations to schema "PUBLIC", now at version v4 (execution time 00:00.027s)
2023.07.21 21:06:37 INFO  time: initialize in 0.64s[0m
2023.07.21 21:06:38 WARN  Build server is not auto-connectable.[0m
2023.07.21 21:06:38 WARN  no build tool detected in workspace '/home/clo91eaf/code/chisel/PUA-MIPS-TEST'. The most common cause for this problem is that the editor was opened in the wrong working directory, for example if you use sbt then the workspace directory should contain build.sbt. [0m
Jul 21, 2023 9:07:04 PM org.eclipse.lsp4j.jsonrpc.services.GenericEndpoint notify
INFO: Unsupported notification method: $/setTrace
2023.07.21 21:07:15 INFO  Shutting down server[0m
2023.07.21 21:07:15 INFO  shutting down Metals[0m
2023.07.21 21:07:15 INFO  Exiting server[0m
